2016-11-25 18:04:53  Started /home/ics45c/projects/proj4/out/bin/a.out.app
2016-11-25 18:04:56  Stopped /home/ics45c/projects/proj4/out/bin/a.out.app
2016-11-25 18:05:01  Started /home/ics45c/projects/proj4/out/bin/a.out.app
2016-11-25 18:05:03  Stopped /home/ics45c/projects/proj4/out/bin/a.out.app
2016-11-25 18:07:34  Started /home/ics45c/projects/proj4/out/bin/a.out.app
2016-11-25 18:08:48  Started /home/ics45c/projects/proj4/out/bin/a.out.app
2016-11-25 18:08:50  Stopped /home/ics45c/projects/proj4/out/bin/a.out.app
2016-11-25 18:08:53  Started /home/ics45c/projects/proj4/out/bin/a.out.app
2016-11-25 18:08:54  Stopped /home/ics45c/projects/proj4/out/bin/a.out.app
2016-11-25 18:10:09  Started /home/ics45c/projects/proj4/out/bin/a.out.app
2016-11-25 18:10:10  Stopped /home/ics45c/projects/proj4/out/bin/a.out.app
2016-11-25 18:10:33  Started /home/ics45c/projects/proj4/out/bin/a.out.app
2016-11-25 18:11:14  Started /home/ics45c/projects/proj4/out/bin/a.out.app
2016-11-25 18:12:43  Started /home/ics45c/projects/proj4/out/bin/a.out.app
2016-11-25 18:12:58  Started /home/ics45c/projects/proj4/out/bin/a.out.app
2016-11-25 18:13:01  Stopped /home/ics45c/projects/proj4/out/bin/a.out.app
2016-11-25 18:20:47  Started /home/ics45c/projects/proj4/out/bin/a.out.app
2016-11-25 18:21:28  Started /home/ics45c/projects/proj4/out/bin/a.out.app
2016-11-25 18:25:21  Started /home/ics45c/projects/proj4/out/bin/a.out.app
2016-11-25 18:26:14  Started /home/ics45c/projects/proj4/out/bin/a.out.app
2016-11-25 18:26:33  Stopped /home/ics45c/projects/proj4/out/bin/a.out.app
2016-11-25 18:28:17  Started /home/ics45c/projects/proj4/out/bin/a.out.app
2016-11-25 18:28:31  Started /home/ics45c/projects/proj4/out/bin/a.out.app
2016-11-25 18:29:44  Started /home/ics45c/projects/proj4/out/bin/a.out.app
2016-11-25 18:30:46  Started /home/ics45c/projects/proj4/out/bin/a.out.app
2016-11-25 18:32:04  Started /home/ics45c/projects/proj4/out/bin/a.out.app
2016-11-25 18:36:46  Started /home/ics45c/projects/proj4/out/bin/a.out.app
2016-11-25 18:36:48  Started /home/ics45c/projects/proj4/out/bin/a.out.app
2016-11-25 18:36:51  Started /home/ics45c/projects/proj4/out/bin/a.out.app
2016-11-25 18:41:50  Started /home/ics45c/projects/proj4/out/bin/a.out.app
2016-11-25 18:41:53  Started /home/ics45c/projects/proj4/out/bin/a.out.app
2016-11-25 18:42:45  Started /home/ics45c/projects/proj4/out/bin/a.out.app
2016-11-25 18:43:00  Started /home/ics45c/projects/proj4/out/bin/a.out.app
2016-11-25 18:43:12  Started /home/ics45c/projects/proj4/out/bin/a.out.app
2016-11-25 18:43:51  Started /home/ics45c/projects/proj4/out/bin/a.out.app
2016-11-25 18:43:54  Started /home/ics45c/projects/proj4/out/bin/a.out.app
2016-11-25 18:43:55  Stopped /home/ics45c/projects/proj4/out/bin/a.out.app
2016-11-25 18:44:32  Started /home/ics45c/projects/proj4/out/bin/a.out.app
2016-11-25 18:44:46  Started /home/ics45c/projects/proj4/out/bin/a.out.app
2016-11-25 18:44:48  Started /home/ics45c/projects/proj4/out/bin/a.out.app
2016-11-25 19:40:51  Started /home/ics45c/projects/proj4/out/bin/a.out.app
2016-11-25 19:41:18  Stopped /home/ics45c/projects/proj4/out/bin/a.out.app
2016-11-25 19:41:23  Started /home/ics45c/projects/proj4/out/bin/a.out.app
2016-11-25 19:43:01  Stopped /home/ics45c/projects/proj4/out/bin/a.out.app
2016-11-25 19:43:19  Started /home/ics45c/projects/proj4/out/bin/a.out.app
2016-11-25 19:44:20  Started /home/ics45c/projects/proj4/out/bin/a.out.app
2016-11-25 19:45:01  Started /home/ics45c/projects/proj4/out/bin/a.out.app
2016-11-25 19:45:38  Started /home/ics45c/projects/proj4/out/bin/a.out.app
2016-11-25 19:51:25  Started /home/ics45c/projects/proj4/out/bin/a.out.app
2016-11-25 19:51:45  Started /home/ics45c/projects/proj4/out/bin/a.out.app
2016-11-25 19:53:48  Started /home/ics45c/projects/proj4/out/bin/a.out.app
2016-11-25 19:53:51  Stopped /home/ics45c/projects/proj4/out/bin/a.out.app
2016-11-25 19:53:52  Started /home/ics45c/projects/proj4/out/bin/a.out.app
2016-11-25 19:53:56  Started /home/ics45c/projects/proj4/out/bin/a.out.app
2016-11-25 19:58:46  Started /home/ics45c/projects/proj4/out/bin/a.out.app
2016-11-25 19:58:56  Started /home/ics45c/projects/proj4/out/bin/a.out.app
2016-11-25 21:21:31  Started /home/ics45c/projects/proj4/out/bin/a.out.app
2016-11-25 21:21:57  Started /home/ics45c/projects/proj4/out/bin/a.out.app
2016-11-25 21:24:53  Started /home/ics45c/projects/proj4/out/bin/a.out.app
2016-11-25 21:30:04  Started /home/ics45c/projects/proj4/out/bin/a.out.app
2016-11-25 21:30:09  Stopped /home/ics45c/projects/proj4/out/bin/a.out.app
2016-11-25 21:30:30  Started /home/ics45c/projects/proj4/out/bin/a.out.app
2016-11-25 21:32:00  Started /home/ics45c/projects/proj4/out/bin/a.out.app
2016-11-25 21:33:34  Started /home/ics45c/projects/proj4/out/bin/a.out.app
2016-11-25 21:36:27  Stopped /home/ics45c/projects/proj4/out/bin/a.out.app
2016-11-25 21:36:31  Started /home/ics45c/projects/proj4/out/bin/a.out.app
2016-11-25 21:36:34  Stopped /home/ics45c/projects/proj4/out/bin/a.out.app
2016-11-25 21:40:57  Started /home/ics45c/projects/proj4/out/bin/a.out.app
2016-11-25 21:41:02  Stopped /home/ics45c/projects/proj4/out/bin/a.out.app
2016-11-25 21:41:30  Started /home/ics45c/projects/proj4/out/bin/a.out.app
2016-11-25 21:41:31  Stopped /home/ics45c/projects/proj4/out/bin/a.out.app
2016-11-25 21:41:34  Started /home/ics45c/projects/proj4/out/bin/a.out.app
2016-11-25 21:41:35  Stopped /home/ics45c/projects/proj4/out/bin/a.out.app
2016-11-25 21:42:12  Started /home/ics45c/projects/proj4/out/bin/a.out.app
2016-11-25 21:42:13  Stopped /home/ics45c/projects/proj4/out/bin/a.out.app
2016-11-25 21:43:13  Started /home/ics45c/projects/proj4/out/bin/a.out.app
2016-11-25 21:43:14  Stopped /home/ics45c/projects/proj4/out/bin/a.out.app
2016-11-25 21:43:31  Started /home/ics45c/projects/proj4/out/bin/a.out.app
2016-11-25 21:43:40  Stopped /home/ics45c/projects/proj4/out/bin/a.out.app
2016-11-25 21:57:19  Started /home/ics45c/projects/proj4/out/bin/a.out.app
2016-11-25 22:02:54  Stopped /home/ics45c/projects/proj4/out/bin/a.out.app
2016-11-25 22:03:00  Started /home/ics45c/projects/proj4/out/bin/a.out.app
2016-11-25 22:08:12  Stopped /home/ics45c/projects/proj4/out/bin/a.out.app
2016-11-25 22:08:18  Started /home/ics45c/projects/proj4/out/bin/a.out.app
2016-11-25 22:08:21  Stopped /home/ics45c/projects/proj4/out/bin/a.out.app
2016-11-25 22:08:38  Started /home/ics45c/projects/proj4/out/bin/a.out.app
2016-11-25 22:11:38  Stopped /home/ics45c/projects/proj4/out/bin/a.out.app
2016-11-25 22:11:40  Started /home/ics45c/projects/proj4/out/bin/a.out.app
2016-11-25 22:11:42  Stopped /home/ics45c/projects/proj4/out/bin/a.out.app
2016-11-25 22:12:29  Started /home/ics45c/projects/proj4/out/bin/a.out.app
2016-11-25 22:13:01  Stopped /home/ics45c/projects/proj4/out/bin/a.out.app
2016-11-25 22:13:20  Started /home/ics45c/projects/proj4/out/bin/a.out.app
2016-11-25 22:15:59  Stopped /home/ics45c/projects/proj4/out/bin/a.out.app
2016-11-25 22:16:35  Started /home/ics45c/projects/proj4/out/bin/a.out.app
2016-11-25 22:16:41  Stopped /home/ics45c/projects/proj4/out/bin/a.out.app
2016-11-25 22:38:25  Started /home/ics45c/projects/proj4/out/bin/a.out.app
2016-11-25 22:40:08  Stopped /home/ics45c/projects/proj4/out/bin/a.out.app
2016-11-25 22:47:47  Started /home/ics45c/projects/proj4/out/bin/a.out.app
2016-11-25 22:48:24  Stopped /home/ics45c/projects/proj4/out/bin/a.out.app
2016-11-25 22:48:28  Started /home/ics45c/projects/proj4/out/bin/a.out.app
2016-11-25 22:48:35  Stopped /home/ics45c/projects/proj4/out/bin/a.out.app
2016-11-26 12:40:22  Started /home/ics45c/projects/proj4/out/bin/a.out.app
2016-11-26 12:40:33  Stopped /home/ics45c/projects/proj4/out/bin/a.out.app
2016-11-26 12:50:28  Started /home/ics45c/projects/proj4/out/bin/a.out.app
2016-11-26 12:50:38  Stopped /home/ics45c/projects/proj4/out/bin/a.out.app
2016-11-26 12:50:42  Started /home/ics45c/projects/proj4/out/bin/a.out.app
2016-11-26 12:51:06  Started /home/ics45c/projects/proj4/out/bin/a.out.app
2016-11-26 12:51:18  Stopped /home/ics45c/projects/proj4/out/bin/a.out.app
2016-11-26 12:57:09  Started /home/ics45c/projects/proj4/out/bin/a.out.app
2016-11-26 12:57:32  Started /home/ics45c/projects/proj4/out/bin/a.out.app
2016-11-26 12:57:41  Started /home/ics45c/projects/proj4/out/bin/a.out.app
2016-11-26 12:57:53  Stopped /home/ics45c/projects/proj4/out/bin/a.out.app
2016-11-26 12:58:39  Started /home/ics45c/projects/proj4/out/bin/a.out.app
2016-11-26 13:20:16  Started /home/ics45c/projects/proj4/out/bin/a.out.app
2016-11-26 13:20:20  Stopped /home/ics45c/projects/proj4/out/bin/a.out.app
2016-11-26 13:20:21  Started /home/ics45c/projects/proj4/out/bin/a.out.app
2016-11-26 13:21:33  Started /home/ics45c/projects/proj4/out/bin/a.out.app
2016-11-26 13:24:57  Started /home/ics45c/projects/proj4/out/bin/a.out.app
2016-11-26 13:27:55  Started /home/ics45c/projects/proj4/out/bin/a.out.app
2016-11-26 13:27:56  Stopped /home/ics45c/projects/proj4/out/bin/a.out.app
2016-11-26 13:28:00  Started /home/ics45c/projects/proj4/out/bin/a.out.app
2016-11-26 13:31:46  Started /home/ics45c/projects/proj4/out/bin/a.out.app
2016-11-26 13:32:00  Stopped /home/ics45c/projects/proj4/out/bin/a.out.app
2016-11-26 13:32:05  Started /home/ics45c/projects/proj4/out/bin/a.out.app
2016-11-26 13:32:14  Stopped /home/ics45c/projects/proj4/out/bin/a.out.app
2016-11-26 13:34:21  Started /home/ics45c/projects/proj4/out/bin/a.out.app
2016-11-26 13:36:59  Stopped /home/ics45c/projects/proj4/out/bin/a.out.app
2016-11-26 13:37:03  Started /home/ics45c/projects/proj4/out/bin/a.out.app
2016-11-26 13:44:34  Started /home/ics45c/projects/proj4/out/bin/a.out.app
2016-11-26 13:44:45  Started /home/ics45c/projects/proj4/out/bin/a.out.app
2016-11-26 13:45:18  Started /home/ics45c/projects/proj4/out/bin/a.out.app
2016-11-26 13:47:21  Started /home/ics45c/projects/proj4/out/bin/a.out.app
2016-11-26 13:47:54  Started /home/ics45c/projects/proj4/out/bin/a.out.app
2016-11-26 13:48:44  Started /home/ics45c/projects/proj4/out/bin/a.out.app
2016-11-26 13:49:49  Stopped /home/ics45c/projects/proj4/out/bin/a.out.app
2016-11-26 13:50:07  Started /home/ics45c/projects/proj4/out/bin/a.out.app
2016-11-26 13:50:23  Stopped /home/ics45c/projects/proj4/out/bin/a.out.app
2016-11-26 13:50:25  Started /home/ics45c/projects/proj4/out/bin/a.out.app
2016-11-26 13:51:08  Stopped /home/ics45c/projects/proj4/out/bin/a.out.app
2016-11-26 13:51:13  Started /home/ics45c/projects/proj4/out/bin/a.out.app
2016-11-26 13:51:17  Started /home/ics45c/projects/proj4/out/bin/a.out.app
2016-11-26 13:52:09  Started /home/ics45c/projects/proj4/out/bin/a.out.app
2016-11-26 13:52:10  Stopped /home/ics45c/projects/proj4/out/bin/a.out.app
2016-11-26 13:52:19  Started /home/ics45c/projects/proj4/out/bin/a.out.app
2016-11-26 13:53:48  Stopped /home/ics45c/projects/proj4/out/bin/a.out.app
2016-11-26 13:53:54  Started /home/ics45c/projects/proj4/out/bin/a.out.app
2016-11-26 13:53:56  Stopped /home/ics45c/projects/proj4/out/bin/a.out.app
2016-11-26 13:53:59  Started /home/ics45c/projects/proj4/out/bin/a.out.app
2016-11-26 13:55:15  Stopped /home/ics45c/projects/proj4/out/bin/a.out.app
2016-11-26 13:55:22  Started /home/ics45c/projects/proj4/out/bin/a.out.app
2016-11-26 13:55:27  Stopped /home/ics45c/projects/proj4/out/bin/a.out.app
2016-11-26 13:56:22  Started /home/ics45c/projects/proj4/out/bin/a.out.app
2016-11-26 13:56:25  Stopped /home/ics45c/projects/proj4/out/bin/a.out.app
2016-11-26 13:56:28  Started /home/ics45c/projects/proj4/out/bin/a.out.app
2016-11-26 13:57:01  Stopped /home/ics45c/projects/proj4/out/bin/a.out.app
2016-11-26 13:57:06  Started /home/ics45c/projects/proj4/out/bin/a.out.app
2016-11-26 13:58:19  Stopped /home/ics45c/projects/proj4/out/bin/a.out.app
2016-11-26 13:58:43  Started /home/ics45c/projects/proj4/out/bin/a.out.app
2016-11-26 13:59:58  Stopped /home/ics45c/projects/proj4/out/bin/a.out.app
2016-11-26 14:00:03  Started /home/ics45c/projects/proj4/out/bin/a.out.app
2016-11-26 14:01:34  Stopped /home/ics45c/projects/proj4/out/bin/a.out.app
2016-11-26 14:01:48  Started /home/ics45c/projects/proj4/out/bin/a.out.app
2016-11-26 14:04:10  Stopped /home/ics45c/projects/proj4/out/bin/a.out.app
2016-11-26 14:04:17  Started /home/ics45c/projects/proj4/out/bin/a.out.app
2016-11-26 14:07:59  Stopped /home/ics45c/projects/proj4/out/bin/a.out.app
2016-11-26 14:08:06  Started /home/ics45c/projects/proj4/out/bin/a.out.app
2016-11-26 14:50:31  Stopped /home/ics45c/projects/proj4/out/bin/a.out.app
2016-11-26 14:50:36  Started /home/ics45c/projects/proj4/out/bin/a.out.app
2016-11-26 14:52:51  Stopped /home/ics45c/projects/proj4/out/bin/a.out.app
2016-11-26 14:52:56  Started /home/ics45c/projects/proj4/out/bin/a.out.app
2016-11-26 14:53:27  Stopped /home/ics45c/projects/proj4/out/bin/a.out.app
2016-11-26 14:53:32  Started /home/ics45c/projects/proj4/out/bin/a.out.app
2016-11-26 14:56:48  Stopped /home/ics45c/projects/proj4/out/bin/a.out.app
2016-11-26 14:57:03  Started /home/ics45c/projects/proj4/out/bin/a.out.app
2016-11-26 14:58:11  Stopped /home/ics45c/projects/proj4/out/bin/a.out.app
2016-11-26 14:58:16  Started /home/ics45c/projects/proj4/out/bin/a.out.app
2016-11-26 14:59:47  Stopped /home/ics45c/projects/proj4/out/bin/a.out.app
2016-11-26 14:59:51  Started /home/ics45c/projects/proj4/out/bin/a.out.app
2016-11-26 15:02:26  Stopped /home/ics45c/projects/proj4/out/bin/a.out.app
2016-11-26 15:02:50  Started /home/ics45c/projects/proj4/out/bin/a.out.app
2016-11-26 15:03:08  Stopped /home/ics45c/projects/proj4/out/bin/a.out.app
2016-11-26 15:04:23  Started /home/ics45c/projects/proj4/out/bin/a.out.app
2016-11-26 15:04:24  Stopped /home/ics45c/projects/proj4/out/bin/a.out.app
2016-11-26 15:04:26  Started /home/ics45c/projects/proj4/out/bin/a.out.app
2016-11-26 15:09:41  Stopped /home/ics45c/projects/proj4/out/bin/a.out.app
2016-11-26 15:09:44  Started /home/ics45c/projects/proj4/out/bin/a.out.app
2016-11-26 15:09:52  Stopped /home/ics45c/projects/proj4/out/bin/a.out.app
2016-11-26 15:10:50  Started /home/ics45c/projects/proj4/out/bin/a.out.app
2016-11-26 15:10:55  Stopped /home/ics45c/projects/proj4/out/bin/a.out.app
2016-11-26 15:10:59  Started /home/ics45c/projects/proj4/out/bin/a.out.app
2016-11-26 15:11:10  Stopped /home/ics45c/projects/proj4/out/bin/a.out.app
2016-11-26 15:11:34  Started /home/ics45c/projects/proj4/out/bin/a.out.app
2016-11-26 15:23:02  Started /home/ics45c/projects/proj4/out/bin/a.out.app
2016-11-26 15:23:57  Stopped /home/ics45c/projects/proj4/out/bin/a.out.app
2016-11-26 15:24:02  Started /home/ics45c/projects/proj4/out/bin/a.out.app
2016-11-26 15:24:10  Stopped /home/ics45c/projects/proj4/out/bin/a.out.app
2016-11-26 15:24:14  Started /home/ics45c/projects/proj4/out/bin/a.out.app
2016-11-26 15:28:41  Started /home/ics45c/projects/proj4/out/bin/a.out.app
2016-11-26 15:30:12  Stopped /home/ics45c/projects/proj4/out/bin/a.out.app
2016-11-26 15:30:17  Started /home/ics45c/projects/proj4/out/bin/a.out.app
2016-11-26 15:30:33  Stopped /home/ics45c/projects/proj4/out/bin/a.out.app
2016-11-26 15:32:40  Started /home/ics45c/projects/proj4/out/bin/a.out.app
2016-11-26 15:33:20  Stopped /home/ics45c/projects/proj4/out/bin/a.out.app
2016-11-26 15:33:25  Started /home/ics45c/projects/proj4/out/bin/a.out.app
2016-11-26 15:35:16  Stopped /home/ics45c/projects/proj4/out/bin/a.out.app
2016-11-26 15:35:21  Started /home/ics45c/projects/proj4/out/bin/a.out.app
2016-11-26 15:35:25  Stopped /home/ics45c/projects/proj4/out/bin/a.out.app
2016-11-26 15:35:28  Started /home/ics45c/projects/proj4/out/bin/a.out.app
2016-11-26 15:35:32  Stopped /home/ics45c/projects/proj4/out/bin/a.out.app
2016-11-26 15:35:44  Started /home/ics45c/projects/proj4/out/bin/a.out.app
2016-11-26 15:35:55  Stopped /home/ics45c/projects/proj4/out/bin/a.out.app
2016-11-26 15:42:45  Started /home/ics45c/projects/proj4/out/bin/a.out.app
2016-11-26 15:43:09  Started /home/ics45c/projects/proj4/out/bin/a.out.app
2016-11-26 15:44:15  Started /home/ics45c/projects/proj4/out/bin/a.out.app
2016-11-26 15:44:59  Started /home/ics45c/projects/proj4/out/bin/a.out.app
2016-11-26 15:45:11  Stopped /home/ics45c/projects/proj4/out/bin/a.out.app
2016-11-26 15:45:17  Started /home/ics45c/projects/proj4/out/bin/a.out.app
2016-11-26 15:45:19  Stopped /home/ics45c/projects/proj4/out/bin/a.out.app
2016-11-26 15:45:22  Started /home/ics45c/projects/proj4/out/bin/a.out.app
2016-11-26 15:45:25  Stopped /home/ics45c/projects/proj4/out/bin/a.out.app
2016-11-26 15:45:29  Started /home/ics45c/projects/proj4/out/bin/a.out.app
2016-11-26 15:45:34  Stopped /home/ics45c/projects/proj4/out/bin/a.out.app
2016-11-26 15:45:39  Started /home/ics45c/projects/proj4/out/bin/a.out.app
2016-11-26 15:45:43  Stopped /home/ics45c/projects/proj4/out/bin/a.out.app
2016-11-26 15:46:47  Started /home/ics45c/projects/proj4/out/bin/a.out.app
2016-11-26 15:46:49  Stopped /home/ics45c/projects/proj4/out/bin/a.out.app
2016-11-26 15:46:52  Started /home/ics45c/projects/proj4/out/bin/a.out.app
2016-11-26 15:46:54  Stopped /home/ics45c/projects/proj4/out/bin/a.out.app
2016-11-26 15:47:00  Started /home/ics45c/projects/proj4/out/bin/a.out.app
2016-11-26 15:47:09  Stopped /home/ics45c/projects/proj4/out/bin/a.out.app
2016-11-26 15:47:42  Started /home/ics45c/projects/proj4/out/bin/a.out.app
2016-11-26 15:48:25  Stopped /home/ics45c/projects/proj4/out/bin/a.out.app
2016-11-26 15:49:23  Started /home/ics45c/projects/proj4/out/bin/a.out.app
2016-11-26 15:49:38  Stopped /home/ics45c/projects/proj4/out/bin/a.out.app
2016-11-26 15:49:49  Started /home/ics45c/projects/proj4/out/bin/a.out.app
2016-11-26 15:49:53  Stopped /home/ics45c/projects/proj4/out/bin/a.out.app
2016-11-26 15:52:24  Started /home/ics45c/projects/proj4/out/bin/a.out.app
2016-11-26 15:52:45  Stopped /home/ics45c/projects/proj4/out/bin/a.out.app
2016-11-26 15:53:20  Started /home/ics45c/projects/proj4/out/bin/a.out.app
2016-11-26 15:54:13  Stopped /home/ics45c/projects/proj4/out/bin/a.out.app
2016-11-26 15:54:17  Started /home/ics45c/projects/proj4/out/bin/a.out.app
2016-11-26 15:54:28  Stopped /home/ics45c/projects/proj4/out/bin/a.out.app
2016-11-26 15:56:28  Started /home/ics45c/projects/proj4/out/bin/a.out.app
2016-11-26 15:56:31  Stopped /home/ics45c/projects/proj4/out/bin/a.out.app
2016-11-26 15:57:00  Started /home/ics45c/projects/proj4/out/bin/a.out.app
2016-11-26 15:57:01  Stopped /home/ics45c/projects/proj4/out/bin/a.out.app
2016-11-26 15:57:04  Started /home/ics45c/projects/proj4/out/bin/a.out.app
2016-11-26 15:57:15  Stopped /home/ics45c/projects/proj4/out/bin/a.out.app
2016-11-26 16:01:46  Started /home/ics45c/projects/proj4/out/bin/a.out.app
2016-11-26 16:02:12  Stopped /home/ics45c/projects/proj4/out/bin/a.out.app
2016-11-26 16:04:36  Started /home/ics45c/projects/proj4/out/bin/a.out.app
2016-11-26 16:04:39  Stopped /home/ics45c/projects/proj4/out/bin/a.out.app
2016-11-26 16:04:42  Started /home/ics45c/projects/proj4/out/bin/a.out.app
2016-11-26 16:04:44  Stopped /home/ics45c/projects/proj4/out/bin/a.out.app
2016-11-26 16:04:47  Started /home/ics45c/projects/proj4/out/bin/a.out.app
2016-11-26 16:04:57  Stopped /home/ics45c/projects/proj4/out/bin/a.out.app
2016-11-26 16:06:59  Started /home/ics45c/projects/proj4/out/bin/a.out.app
2016-11-26 16:07:10  Stopped /home/ics45c/projects/proj4/out/bin/a.out.app
2016-11-26 16:10:38  Started /home/ics45c/projects/proj4/out/bin/a.out.app
2016-11-26 16:10:40  Stopped /home/ics45c/projects/proj4/out/bin/a.out.app
2016-11-26 16:10:44  Started /home/ics45c/projects/proj4/out/bin/a.out.app
2016-11-26 16:10:47  Stopped /home/ics45c/projects/proj4/out/bin/a.out.app
2016-11-26 16:10:50  Started /home/ics45c/projects/proj4/out/bin/a.out.app
2016-11-26 16:10:54  Stopped /home/ics45c/projects/proj4/out/bin/a.out.app
2016-11-26 16:17:37  Started /home/ics45c/projects/proj4/out/bin/a.out.app
2016-11-26 16:17:42  Stopped /home/ics45c/projects/proj4/out/bin/a.out.app
2016-11-26 16:17:56  Started /home/ics45c/projects/proj4/out/bin/a.out.app
2016-11-26 16:18:01  Stopped /home/ics45c/projects/proj4/out/bin/a.out.app
2016-11-26 16:23:03  Started /home/ics45c/projects/proj4/out/bin/a.out.app
2016-11-26 16:23:16  Stopped /home/ics45c/projects/proj4/out/bin/a.out.app
2016-11-26 16:23:25  Started /home/ics45c/projects/proj4/out/bin/a.out.app
2016-11-26 16:23:30  Stopped /home/ics45c/projects/proj4/out/bin/a.out.app
2016-11-26 16:23:57  Started /home/ics45c/projects/proj4/out/bin/a.out.app
2016-11-26 16:24:05  Stopped /home/ics45c/projects/proj4/out/bin/a.out.app
2016-11-26 16:24:10  Started /home/ics45c/projects/proj4/out/bin/a.out.app
2016-11-26 16:24:15  Stopped /home/ics45c/projects/proj4/out/bin/a.out.app
2016-11-26 16:37:17  Started /home/ics45c/projects/proj4/out/bin/a.out.app
2016-11-26 16:37:28  Stopped /home/ics45c/projects/proj4/out/bin/a.out.app
2016-11-26 16:41:16  Started /home/ics45c/projects/proj4/out/bin/a.out.app
2016-11-26 16:41:18  Stopped /home/ics45c/projects/proj4/out/bin/a.out.app
2016-11-26 16:41:28  Started /home/ics45c/projects/proj4/out/bin/a.out.app
2016-11-26 16:41:35  Stopped /home/ics45c/projects/proj4/out/bin/a.out.app
2016-11-26 16:44:22  Started /home/ics45c/projects/proj4/out/bin/a.out.app
2016-11-26 16:44:34  Stopped /home/ics45c/projects/proj4/out/bin/a.out.app
2016-11-26 16:45:55  Started /home/ics45c/projects/proj4/out/bin/a.out.app
2016-11-26 16:45:59  Stopped /home/ics45c/projects/proj4/out/bin/a.out.app
2016-11-26 16:49:08  Started /home/ics45c/projects/proj4/out/bin/a.out.app
2016-11-26 16:49:12  Stopped /home/ics45c/projects/proj4/out/bin/a.out.app
2016-11-26 16:50:16  Started /home/ics45c/projects/proj4/out/bin/a.out.app
2016-11-26 16:50:18  Stopped /home/ics45c/projects/proj4/out/bin/a.out.app
2016-11-26 16:50:21  Started /home/ics45c/projects/proj4/out/bin/a.out.app
2016-11-26 16:50:24  Stopped /home/ics45c/projects/proj4/out/bin/a.out.app
2016-11-26 16:50:45  Started /home/ics45c/projects/proj4/out/bin/a.out.app
2016-11-26 16:50:50  Stopped /home/ics45c/projects/proj4/out/bin/a.out.app
2016-11-26 16:51:13  Started /home/ics45c/projects/proj4/out/bin/a.out.app
2016-11-26 16:51:15  Stopped /home/ics45c/projects/proj4/out/bin/a.out.app
2016-11-26 16:51:18  Started /home/ics45c/projects/proj4/out/bin/a.out.app
2016-11-26 16:51:22  Stopped /home/ics45c/projects/proj4/out/bin/a.out.app
2016-11-26 16:52:05  Started /home/ics45c/projects/proj4/out/bin/a.out.app
2016-11-26 16:52:07  Stopped /home/ics45c/projects/proj4/out/bin/a.out.app
2016-11-26 16:52:10  Started /home/ics45c/projects/proj4/out/bin/a.out.app
2016-11-26 16:52:13  Stopped /home/ics45c/projects/proj4/out/bin/a.out.app
2016-11-26 16:52:47  Started /home/ics45c/projects/proj4/out/bin/a.out.app
2016-11-26 16:52:52  Stopped /home/ics45c/projects/proj4/out/bin/a.out.app
2016-11-26 16:53:13  Started /home/ics45c/projects/proj4/out/bin/a.out.app
2016-11-26 16:53:18  Stopped /home/ics45c/projects/proj4/out/bin/a.out.app
2016-11-26 16:53:33  Started /home/ics45c/projects/proj4/out/bin/a.out.app
2016-11-26 16:53:37  Stopped /home/ics45c/projects/proj4/out/bin/a.out.app
2016-11-26 16:54:46  Started /home/ics45c/projects/proj4/out/bin/a.out.app
2016-11-26 16:54:52  Stopped /home/ics45c/projects/proj4/out/bin/a.out.app
2016-11-26 16:54:56  Started /home/ics45c/projects/proj4/out/bin/a.out.app
2016-11-26 16:56:25  Started /home/ics45c/projects/proj4/out/bin/a.out.app
2016-11-26 16:56:37  Stopped /home/ics45c/projects/proj4/out/bin/a.out.app
2016-11-26 16:56:44  Started /home/ics45c/projects/proj4/out/bin/a.out.app
2016-11-26 16:56:50  Stopped /home/ics45c/projects/proj4/out/bin/a.out.app
2016-11-26 16:59:59  Started /home/ics45c/projects/proj4/out/bin/a.out.app
2016-11-26 17:00:33  Stopped /home/ics45c/projects/proj4/out/bin/a.out.app
2016-11-26 17:02:41  Started /home/ics45c/projects/proj4/out/bin/a.out.app
2016-11-26 17:02:43  Stopped /home/ics45c/projects/proj4/out/bin/a.out.app
2016-11-26 17:03:18  Started /home/ics45c/projects/proj4/out/bin/a.out.app
2016-11-26 17:03:21  Stopped /home/ics45c/projects/proj4/out/bin/a.out.app
2016-11-26 17:03:45  Started /home/ics45c/projects/proj4/out/bin/a.out.app
2016-11-26 17:03:56  Stopped /home/ics45c/projects/proj4/out/bin/a.out.app
2016-11-26 17:04:17  Started /home/ics45c/projects/proj4/out/bin/a.out.app
2016-11-26 17:04:21  Stopped /home/ics45c/projects/proj4/out/bin/a.out.app
2016-11-26 17:04:24  Started /home/ics45c/projects/proj4/out/bin/a.out.app
2016-11-26 17:04:32  Stopped /home/ics45c/projects/proj4/out/bin/a.out.app
2016-11-26 17:04:38  Started /home/ics45c/projects/proj4/out/bin/a.out.app
2016-11-26 17:04:43  Stopped /home/ics45c/projects/proj4/out/bin/a.out.app
2016-11-26 17:05:35  Started /home/ics45c/projects/proj4/out/bin/a.out.app
2016-11-26 17:05:40  Stopped /home/ics45c/projects/proj4/out/bin/a.out.app
2016-11-26 17:06:47  Started /home/ics45c/projects/proj4/out/bin/a.out.app
2016-11-26 17:06:51  Stopped /home/ics45c/projects/proj4/out/bin/a.out.app
2016-11-26 17:07:05  Started /home/ics45c/projects/proj4/out/bin/a.out.app
2016-11-26 17:07:06  Stopped /home/ics45c/projects/proj4/out/bin/a.out.app
2016-11-26 17:07:13  Started /home/ics45c/projects/proj4/out/bin/a.out.app
2016-11-26 17:07:17  Stopped /home/ics45c/projects/proj4/out/bin/a.out.app
2016-11-26 17:07:39  Started /home/ics45c/projects/proj4/out/bin/a.out.app
2016-11-26 17:07:44  Stopped /home/ics45c/projects/proj4/out/bin/a.out.app
2016-11-26 17:08:01  Started /home/ics45c/projects/proj4/out/bin/a.out.app
2016-11-26 17:08:05  Stopped /home/ics45c/projects/proj4/out/bin/a.out.app
2016-11-26 17:08:50  Started /home/ics45c/projects/proj4/out/bin/a.out.app
2016-11-26 17:08:53  Stopped /home/ics45c/projects/proj4/out/bin/a.out.app
2016-11-26 17:08:58  Started /home/ics45c/projects/proj4/out/bin/a.out.app
2016-11-26 17:09:03  Stopped /home/ics45c/projects/proj4/out/bin/a.out.app
2016-11-26 17:09:08  Started /home/ics45c/projects/proj4/out/bin/a.out.app
2016-11-26 17:09:22  Stopped /home/ics45c/projects/proj4/out/bin/a.out.app
2016-11-26 17:59:27  Started /home/ics45c/projects/proj4/out/bin/a.out.app
2016-11-26 18:00:38  Stopped /home/ics45c/projects/proj4/out/bin/a.out.app
2016-11-26 18:00:45  Started /home/ics45c/projects/proj4/out/bin/a.out.app
2016-11-26 18:08:38  Stopped /home/ics45c/projects/proj4/out/bin/a.out.app
2016-11-26 18:08:57  Started /home/ics45c/projects/proj4/out/bin/a.out.app
2016-11-26 18:09:22  Stopped /home/ics45c/projects/proj4/out/bin/a.out.app
2016-11-26 18:54:39  Started /home/ics45c/projects/proj4/out/bin/a.out.app
2016-11-26 18:55:07  Stopped /home/ics45c/projects/proj4/out/bin/a.out.app
2016-11-26 18:56:35  Started /home/ics45c/projects/proj4/out/bin/a.out.app
2016-11-26 18:57:11  Stopped /home/ics45c/projects/proj4/out/bin/a.out.app
2016-11-26 18:57:18  Started /home/ics45c/projects/proj4/out/bin/a.out.app
2016-11-26 18:57:45  Started /home/ics45c/projects/proj4/out/bin/a.out.app
2016-11-26 18:58:14  Stopped /home/ics45c/projects/proj4/out/bin/a.out.app
2016-11-26 18:58:20  Started /home/ics45c/projects/proj4/out/bin/a.out.app
2016-11-26 18:59:20  Stopped /home/ics45c/projects/proj4/out/bin/a.out.app
2016-11-26 19:00:43  Started /home/ics45c/projects/proj4/out/bin/a.out.app
2016-11-26 19:02:56  Stopped /home/ics45c/projects/proj4/out/bin/a.out.app
2016-11-26 19:25:33  Started /home/ics45c/projects/proj4/out/bin/a.out.app
2016-11-26 19:32:24  Started /home/ics45c/projects/proj4/out/bin/a.out.app
2016-11-26 19:33:24  Stopped /home/ics45c/projects/proj4/out/bin/a.out.app
2016-11-26 19:33:29  Started /home/ics45c/projects/proj4/out/bin/a.out.app
2016-11-26 19:33:41  Stopped /home/ics45c/projects/proj4/out/bin/a.out.app
2016-11-26 19:34:12  Started /home/ics45c/projects/proj4/out/bin/a.out.app
2016-11-26 19:42:00  Stopped /home/ics45c/projects/proj4/out/bin/a.out.app
2016-11-26 19:42:33  Started /home/ics45c/projects/proj4/out/bin/a.out.app
2016-11-26 19:44:50  Stopped /home/ics45c/projects/proj4/out/bin/a.out.app
2016-11-26 19:48:04  Started /home/ics45c/projects/proj4/out/bin/a.out.app
2016-11-26 19:48:44  Stopped /home/ics45c/projects/proj4/out/bin/a.out.app
2016-11-26 19:48:56  Started /home/ics45c/projects/proj4/out/bin/a.out.app
2016-11-26 19:53:19  Stopped /home/ics45c/projects/proj4/out/bin/a.out.app
2016-11-26 19:53:54  Started /home/ics45c/projects/proj4/out/bin/a.out.app
2016-11-26 19:55:44  Started /home/ics45c/projects/proj4/out/bin/a.out.app
2016-11-26 19:56:06  Started /home/ics45c/projects/proj4/out/bin/a.out.app
2016-11-26 19:57:46  Started /home/ics45c/projects/proj4/out/bin/a.out.app
2016-11-26 19:58:08  Stopped /home/ics45c/projects/proj4/out/bin/a.out.app
2016-11-26 19:58:29  Started /home/ics45c/projects/proj4/out/bin/a.out.app
2016-11-26 19:59:29  Stopped /home/ics45c/projects/proj4/out/bin/a.out.app
2016-11-26 19:59:42  Started /home/ics45c/projects/proj4/out/bin/a.out.app
2016-11-26 20:00:08  Started /home/ics45c/projects/proj4/out/bin/a.out.app
2016-11-26 20:00:24  Stopped /home/ics45c/projects/proj4/out/bin/a.out.app
2016-11-26 20:00:28  Started /home/ics45c/projects/proj4/out/bin/a.out.app
2016-11-26 20:00:41  Started /home/ics45c/projects/proj4/out/bin/a.out.app
2016-11-26 20:03:01  Started /home/ics45c/projects/proj4/out/bin/a.out.app
2016-11-26 20:04:00  Started /home/ics45c/projects/proj4/out/bin/a.out.app
2016-11-26 20:04:18  Started /home/ics45c/projects/proj4/out/bin/a.out.app
2016-11-26 20:04:32  Started /home/ics45c/projects/proj4/out/bin/a.out.app
2016-11-26 20:06:00  Started /home/ics45c/projects/proj4/out/bin/a.out.app
2016-11-26 20:06:23  Started /home/ics45c/projects/proj4/out/bin/a.out.app
2016-11-26 20:06:37  Started /home/ics45c/projects/proj4/out/bin/a.out.app
2016-11-26 20:07:18  Started /home/ics45c/projects/proj4/out/bin/a.out.app
2016-11-26 20:07:55  Stopped /home/ics45c/projects/proj4/out/bin/a.out.app
2016-11-26 20:07:59  Started /home/ics45c/projects/proj4/out/bin/a.out.app
2016-11-26 20:09:15  Stopped /home/ics45c/projects/proj4/out/bin/a.out.app
2016-11-26 20:09:40  Started /home/ics45c/projects/proj4/out/bin/a.out.app
2016-11-26 20:10:56  Started /home/ics45c/projects/proj4/out/bin/a.out.app
2016-11-26 20:11:45  Stopped /home/ics45c/projects/proj4/out/bin/a.out.app
2016-11-26 20:11:47  Started /home/ics45c/projects/proj4/out/bin/a.out.app
2016-11-26 20:19:19  Stopped /home/ics45c/projects/proj4/out/bin/a.out.app
2016-11-26 20:19:36  Started /home/ics45c/projects/proj4/out/bin/a.out.app
2016-11-26 20:20:43  Stopped /home/ics45c/projects/proj4/out/bin/a.out.app
2016-11-26 20:20:53  Started /home/ics45c/projects/proj4/out/bin/a.out.app
2016-11-26 20:21:12  Started /home/ics45c/projects/proj4/out/bin/a.out.app
2016-11-26 20:22:32  Stopped /home/ics45c/projects/proj4/out/bin/a.out.app
2016-11-26 20:22:41  Started /home/ics45c/projects/proj4/out/bin/a.out.app
2016-11-26 20:23:08  Stopped /home/ics45c/projects/proj4/out/bin/a.out.app
2016-11-26 20:23:14  Started /home/ics45c/projects/proj4/out/bin/a.out.app
2016-11-26 20:24:12  Stopped /home/ics45c/projects/proj4/out/bin/a.out.app
2016-11-26 20:24:16  Started /home/ics45c/projects/proj4/out/bin/a.out.app
2016-11-26 20:26:16  Stopped /home/ics45c/projects/proj4/out/bin/a.out.app
2016-11-26 20:26:23  Started /home/ics45c/projects/proj4/out/bin/a.out.app
2016-11-26 20:28:05  Stopped /home/ics45c/projects/proj4/out/bin/a.out.app
2016-11-26 20:28:09  Started /home/ics45c/projects/proj4/out/bin/a.out.app
2016-11-26 20:29:08  Stopped /home/ics45c/projects/proj4/out/bin/a.out.app
2016-11-26 20:29:12  Started /home/ics45c/projects/proj4/out/bin/a.out.app
2016-11-26 20:35:14  Stopped /home/ics45c/projects/proj4/out/bin/a.out.app
2016-11-26 20:35:16  Started /home/ics45c/projects/proj4/out/bin/a.out.app
2016-11-26 20:36:30  Stopped /home/ics45c/projects/proj4/out/bin/a.out.app
2016-11-26 20:36:31  Started /home/ics45c/projects/proj4/out/bin/a.out.app
2016-11-26 20:37:21  Stopped /home/ics45c/projects/proj4/out/bin/a.out.app
2016-11-26 20:37:22  Started /home/ics45c/projects/proj4/out/bin/a.out.app
2016-11-26 20:37:50  Stopped /home/ics45c/projects/proj4/out/bin/a.out.app
2016-11-26 20:40:31  Started /home/ics45c/projects/proj4/out/bin/a.out.app
2016-11-26 20:42:06  Stopped /home/ics45c/projects/proj4/out/bin/a.out.app
2016-11-26 20:45:14  Started /home/ics45c/projects/proj4/out/bin/a.out.app
2016-11-26 20:45:25  Stopped /home/ics45c/projects/proj4/out/bin/a.out.app
2016-11-26 20:45:28  Started /home/ics45c/projects/proj4/out/bin/a.out.app
2016-11-26 20:46:13  Stopped /home/ics45c/projects/proj4/out/bin/a.out.app
2016-11-26 20:46:17  Started /home/ics45c/projects/proj4/out/bin/a.out.app
2016-11-26 20:48:35  Stopped /home/ics45c/projects/proj4/out/bin/a.out.app
2016-11-26 21:17:49  Started /home/ics45c/projects/proj4/out/bin/a.out.app
2016-11-26 21:18:21  Stopped /home/ics45c/projects/proj4/out/bin/a.out.app
2016-11-26 21:18:26  Started /home/ics45c/projects/proj4/out/bin/a.out.app
2016-11-26 21:18:42  Started /home/ics45c/projects/proj4/out/bin/a.out.app
2016-11-26 21:19:08  Stopped /home/ics45c/projects/proj4/out/bin/a.out.app
2016-11-26 21:19:13  Started /home/ics45c/projects/proj4/out/bin/a.out.app
2016-11-26 21:19:27  Stopped /home/ics45c/projects/proj4/out/bin/a.out.app
2016-11-26 21:19:28  Started /home/ics45c/projects/proj4/out/bin/a.out.app
2016-11-26 21:20:57  Stopped /home/ics45c/projects/proj4/out/bin/a.out.app
2016-11-26 21:21:12  Started /home/ics45c/projects/proj4/out/bin/a.out.app
2016-11-26 21:22:15  Started /home/ics45c/projects/proj4/out/bin/a.out.app
2016-11-26 21:23:21  Started /home/ics45c/projects/proj4/out/bin/a.out.app
2016-11-26 21:24:40  Stopped /home/ics45c/projects/proj4/out/bin/a.out.app
2016-11-26 21:24:45  Started /home/ics45c/projects/proj4/out/bin/a.out.app
2016-11-26 21:25:16  Stopped /home/ics45c/projects/proj4/out/bin/a.out.app
2016-11-26 21:25:21  Started /home/ics45c/projects/proj4/out/bin/a.out.app
2016-11-26 21:29:11  Stopped /home/ics45c/projects/proj4/out/bin/a.out.app
2016-11-26 21:29:16  Started /home/ics45c/projects/proj4/out/bin/a.out.app
2016-11-26 21:29:32  Stopped /home/ics45c/projects/proj4/out/bin/a.out.app
2016-11-26 21:29:33  Started /home/ics45c/projects/proj4/out/bin/a.out.app
2016-11-26 21:29:39  Stopped /home/ics45c/projects/proj4/out/bin/a.out.app
2016-11-26 21:29:40  Started /home/ics45c/projects/proj4/out/bin/a.out.app
2016-11-26 21:30:59  Stopped /home/ics45c/projects/proj4/out/bin/a.out.app
2016-11-26 21:31:04  Started /home/ics45c/projects/proj4/out/bin/a.out.app
2016-11-26 21:31:17  Stopped /home/ics45c/projects/proj4/out/bin/a.out.app
2016-11-26 21:31:18  Started /home/ics45c/projects/proj4/example/booedit
2016-11-26 21:31:29  Stopped /home/ics45c/projects/proj4/example/booedit
2016-11-26 21:39:51  Started /home/ics45c/projects/proj4/out/bin/a.out.app
2016-11-26 21:41:07  Stopped /home/ics45c/projects/proj4/out/bin/a.out.app
2016-11-26 21:41:12  Started /home/ics45c/projects/proj4/out/bin/a.out.app
2016-11-26 21:41:39  Stopped /home/ics45c/projects/proj4/out/bin/a.out.app
2016-11-26 21:41:44  Started /home/ics45c/projects/proj4/out/bin/a.out.app
2016-11-26 21:42:11  Stopped /home/ics45c/projects/proj4/out/bin/a.out.app
2016-11-26 21:42:16  Started /home/ics45c/projects/proj4/out/bin/a.out.app
2016-11-26 22:52:09  Stopped /home/ics45c/projects/proj4/out/bin/a.out.app
2016-11-26 22:52:17  Started /home/ics45c/projects/proj4/out/bin/a.out.app
2016-11-26 23:07:37  Started /home/ics45c/projects/proj4/out/bin/a.out.app
2016-11-26 23:07:42  Stopped /home/ics45c/projects/proj4/out/bin/a.out.app
2016-11-26 23:07:47  Started /home/ics45c/projects/proj4/out/bin/a.out.app
2016-11-26 23:14:44  Started /home/ics45c/projects/proj4/out/bin/a.out.app
2016-11-26 23:16:37  Stopped /home/ics45c/projects/proj4/out/bin/a.out.app
2016-11-26 23:17:00  Started /home/ics45c/projects/proj4/out/bin/a.out.app
2016-11-26 23:19:56  Stopped /home/ics45c/projects/proj4/out/bin/a.out.app
2016-11-27 00:10:27  Started /home/ics45c/projects/proj4/out/bin/a.out.app
2016-11-27 00:14:03  Started /home/ics45c/projects/proj4/out/bin/a.out.app
2016-11-27 00:16:24  Started /home/ics45c/projects/proj4/out/bin/a.out.app
2016-11-27 00:16:48  Started /home/ics45c/projects/proj4/out/bin/a.out.app
2016-11-27 00:20:12  Started /home/ics45c/projects/proj4/out/bin/a.out.app
2016-11-27 00:20:38  Stopped /home/ics45c/projects/proj4/out/bin/a.out.app
2016-11-27 00:21:10  Started /home/ics45c/projects/proj4/out/bin/a.out.app
2016-11-27 00:21:37  Stopped /home/ics45c/projects/proj4/out/bin/a.out.app
2016-11-27 00:22:06  Started /home/ics45c/projects/proj4/out/bin/a.out.app
2016-11-27 00:22:29  Stopped /home/ics45c/projects/proj4/out/bin/a.out.app
2016-11-27 00:22:58  Started /home/ics45c/projects/proj4/out/bin/a.out.app
2016-11-27 00:23:30  Stopped /home/ics45c/projects/proj4/out/bin/a.out.app
2016-11-27 00:24:27  Started /home/ics45c/projects/proj4/out/bin/a.out.app
2016-11-27 00:27:56  Stopped /home/ics45c/projects/proj4/out/bin/a.out.app
2016-11-27 00:28:14  Started /home/ics45c/projects/proj4/out/bin/a.out.app
2016-11-27 00:29:23  Stopped /home/ics45c/projects/proj4/out/bin/a.out.app
2016-11-27 12:16:27  Started /home/ics45c/projects/proj4/out/bin/a.out.app
2016-11-27 12:16:52  Stopped /home/ics45c/projects/proj4/out/bin/a.out.app
2016-11-27 12:18:31  Started /home/ics45c/projects/proj4/out/bin/a.out.app
2016-11-27 12:21:35  Started /home/ics45c/projects/proj4/out/bin/a.out.app
2016-11-27 12:21:47  Stopped /home/ics45c/projects/proj4/out/bin/a.out.app
2016-11-27 12:22:36  Started /home/ics45c/projects/proj4/out/bin/a.out.app
2016-11-27 12:23:04  Stopped /home/ics45c/projects/proj4/out/bin/a.out.app
2016-11-27 12:30:31  Started /home/ics45c/projects/proj4/out/bin/a.out.app
2016-11-27 12:30:41  Stopped /home/ics45c/projects/proj4/out/bin/a.out.app
2016-11-27 12:31:20  Started /home/ics45c/projects/proj4/out/bin/a.out.app
2016-11-27 12:31:30  Stopped /home/ics45c/projects/proj4/out/bin/a.out.app
2016-11-27 12:31:52  Started /home/ics45c/projects/proj4/out/bin/a.out.app
2016-11-27 12:32:04  Stopped /home/ics45c/projects/proj4/out/bin/a.out.app
2016-11-27 12:32:58  Started /home/ics45c/projects/proj4/out/bin/a.out.app
2016-11-27 12:33:04  Stopped /home/ics45c/projects/proj4/out/bin/a.out.app
2016-11-27 12:33:23  Started /home/ics45c/projects/proj4/out/bin/a.out.app
2016-11-27 12:33:33  Stopped /home/ics45c/projects/proj4/out/bin/a.out.app
2016-11-27 12:34:17  Started /home/ics45c/projects/proj4/out/bin/a.out.app
2016-11-27 12:34:34  Stopped /home/ics45c/projects/proj4/out/bin/a.out.app
2016-11-27 12:34:49  Started /home/ics45c/projects/proj4/out/bin/a.out.app
2016-11-27 12:35:05  Stopped /home/ics45c/projects/proj4/out/bin/a.out.app
2016-11-27 12:35:10  Started /home/ics45c/projects/proj4/out/bin/a.out.app
2016-11-27 12:35:42  Stopped /home/ics45c/projects/proj4/out/bin/a.out.app
2016-11-27 12:50:01  Started /home/ics45c/projects/proj4/out/bin/a.out.app
2016-11-27 13:24:54  Stopped /home/ics45c/projects/proj4/out/bin/a.out.app
2016-11-27 13:24:59  Started /home/ics45c/projects/proj4/out/bin/a.out.app
2016-11-27 13:30:28  Stopped /home/ics45c/projects/proj4/out/bin/a.out.app
2016-11-27 13:39:09  Started /home/ics45c/projects/proj4/out/bin/a.out.app
2016-11-27 13:39:15  Started /home/ics45c/projects/proj4/out/bin/a.out.app
2016-11-27 13:39:42  Started /home/ics45c/projects/proj4/out/bin/a.out.app
2016-11-27 13:40:08  Started /home/ics45c/projects/proj4/out/bin/a.out.app
2016-11-27 13:40:49  Stopped /home/ics45c/projects/proj4/out/bin/a.out.app
2016-11-27 13:40:54  Started /home/ics45c/projects/proj4/out/bin/a.out.app
2016-11-27 13:42:15  Stopped /home/ics45c/projects/proj4/out/bin/a.out.app
2016-11-27 13:42:21  Started /home/ics45c/projects/proj4/out/bin/a.out.app
2016-11-27 13:42:55  Stopped /home/ics45c/projects/proj4/out/bin/a.out.app
2016-11-27 13:43:29  Started /home/ics45c/projects/proj4/out/bin/a.out.app
2016-11-27 13:45:50  Started /home/ics45c/projects/proj4/out/bin/a.out.app
2016-11-27 13:47:01  Stopped /home/ics45c/projects/proj4/out/bin/a.out.app
2016-11-27 13:47:05  Started /home/ics45c/projects/proj4/out/bin/a.out.app
2016-11-27 13:55:10  Stopped /home/ics45c/projects/proj4/out/bin/a.out.app
2016-11-27 13:55:37  Started /home/ics45c/projects/proj4/out/bin/a.out.app
2016-11-27 13:55:51  Stopped /home/ics45c/projects/proj4/out/bin/a.out.app
2016-11-27 13:55:58  Started /home/ics45c/projects/proj4/out/bin/a.out.app
2016-11-27 13:56:16  Stopped /home/ics45c/projects/proj4/out/bin/a.out.app
2016-11-27 13:56:22  Started /home/ics45c/projects/proj4/out/bin/a.out.app
2016-11-27 13:57:10  Stopped /home/ics45c/projects/proj4/out/bin/a.out.app
2016-11-27 13:57:15  Started /home/ics45c/projects/proj4/out/bin/a.out.app
2016-11-27 13:58:32  Started /home/ics45c/projects/proj4/out/bin/a.out.app
2016-11-27 14:01:52  Stopped /home/ics45c/projects/proj4/out/bin/a.out.app
2016-11-27 14:02:25  Started /home/ics45c/projects/proj4/out/bin/a.out.app
2016-11-27 14:03:03  Started /home/ics45c/projects/proj4/out/bin/a.out.app
2016-11-27 14:10:17  Stopped /home/ics45c/projects/proj4/out/bin/a.out.app
2016-11-27 14:10:18  Started /home/ics45c/projects/proj4/out/bin/a.out.app
2016-11-27 14:10:50  Stopped /home/ics45c/projects/proj4/out/bin/a.out.app
2016-11-27 14:10:57  Started /home/ics45c/projects/proj4/out/bin/a.out.app
2016-11-27 14:11:01  Stopped /home/ics45c/projects/proj4/out/bin/a.out.app
2016-11-27 14:11:06  Started /home/ics45c/projects/proj4/out/bin/a.out.app
2016-11-27 14:11:57  Stopped /home/ics45c/projects/proj4/out/bin/a.out.app
2016-11-27 14:12:05  Started /home/ics45c/projects/proj4/out/bin/a.out.app
2016-11-27 14:12:14  Stopped /home/ics45c/projects/proj4/out/bin/a.out.app
2016-11-27 14:12:34  Started /home/ics45c/projects/proj4/out/bin/a.out.app
2016-11-27 14:14:30  Stopped /home/ics45c/projects/proj4/out/bin/a.out.app
2016-11-27 14:14:35  Started /home/ics45c/projects/proj4/out/bin/a.out.app
2016-11-27 14:14:53  Stopped /home/ics45c/projects/proj4/out/bin/a.out.app
2016-11-27 14:14:58  Started /home/ics45c/projects/proj4/out/bin/a.out.app
2016-11-27 14:15:49  Stopped /home/ics45c/projects/proj4/out/bin/a.out.app
2016-11-27 14:15:54  Started /home/ics45c/projects/proj4/out/bin/a.out.app
2016-11-27 20:12:32  Started /home/ics45c/projects/proj4/out/bin/a.out.app
2016-11-27 20:39:23  Stopped /home/ics45c/projects/proj4/out/bin/a.out.app
2016-11-27 20:40:10  Started /home/ics45c/projects/proj4/out/bin/a.out.app
2016-11-27 20:50:17  Stopped /home/ics45c/projects/proj4/out/bin/a.out.app
2016-11-27 20:50:25  Started /home/ics45c/projects/proj4/out/bin/a.out.app
2016-11-27 20:53:42  Started /home/ics45c/projects/proj4/out/bin/a.out.app
2016-11-27 20:55:10  Started /home/ics45c/projects/proj4/out/bin/a.out.app
2016-11-27 20:55:48  Started /home/ics45c/projects/proj4/out/bin/a.out.app
2016-11-27 21:01:08  Started /home/ics45c/projects/proj4/out/bin/a.out.app
2016-11-27 21:01:51  Started /home/ics45c/projects/proj4/out/bin/a.out.app
2016-11-27 21:02:16  Started /home/ics45c/projects/proj4/out/bin/a.out.app
2016-11-27 21:02:53  Stopped /home/ics45c/projects/proj4/out/bin/a.out.app
2016-11-27 21:02:58  Started /home/ics45c/projects/proj4/out/bin/a.out.app
2016-11-27 21:03:45  Started /home/ics45c/projects/proj4/out/bin/a.out.app
2016-11-27 21:04:04  Started /home/ics45c/projects/proj4/out/bin/a.out.app
2016-11-27 21:04:19  Started /home/ics45c/projects/proj4/out/bin/a.out.app
2016-11-27 21:04:37  Started /home/ics45c/projects/proj4/out/bin/a.out.app
2016-11-27 21:11:03  Stopped /home/ics45c/projects/proj4/out/bin/a.out.app
2016-11-27 21:11:09  Started /home/ics45c/projects/proj4/out/bin/a.out.app
2016-11-27 21:11:34  Stopped /home/ics45c/projects/proj4/out/bin/a.out.app
2016-11-27 21:11:41  Started /home/ics45c/projects/proj4/out/bin/a.out.app
2016-11-27 21:13:04  Stopped /home/ics45c/projects/proj4/out/bin/a.out.app
2016-11-27 21:16:52  Started /home/ics45c/projects/proj4/out/bin/a.out.app
2016-11-27 21:20:58  Started /home/ics45c/projects/proj4/out/bin/a.out.app
2016-11-27 21:21:14  Stopped /home/ics45c/projects/proj4/out/bin/a.out.app
2016-11-27 21:21:30  Started /home/ics45c/projects/proj4/out/bin/a.out.app
2016-11-27 21:23:16  Stopped /home/ics45c/projects/proj4/out/bin/a.out.app
2016-11-27 21:23:18  Started /home/ics45c/projects/proj4/out/bin/a.out.app
2016-11-27 21:24:55  Stopped /home/ics45c/projects/proj4/out/bin/a.out.app
2016-11-27 21:25:03  Started /home/ics45c/projects/proj4/out/bin/a.out.app
2016-11-27 21:25:51  Stopped /home/ics45c/projects/proj4/out/bin/a.out.app
2016-11-27 21:25:57  Started /home/ics45c/projects/proj4/out/bin/a.out.app
2016-11-27 21:28:19  Stopped /home/ics45c/projects/proj4/out/bin/a.out.app
2016-11-27 21:29:09  Started /home/ics45c/projects/proj4/out/bin/a.out.app
2016-11-27 21:41:44  Started /home/ics45c/projects/proj4/out/bin/a.out.app
2016-11-27 21:42:21  Started /home/ics45c/projects/proj4/out/bin/a.out.app
2016-11-27 21:43:21  Started /home/ics45c/projects/proj4/out/bin/a.out.app
2016-11-27 21:45:23  Started /home/ics45c/projects/proj4/out/bin/a.out.app
2016-11-27 21:47:01  Started /home/ics45c/projects/proj4/out/bin/a.out.app
2016-11-27 21:50:31  Started /home/ics45c/projects/proj4/out/bin/a.out.app
2016-11-27 21:55:49  Stopped /home/ics45c/projects/proj4/out/bin/a.out.app
2016-11-27 21:56:04  Started /home/ics45c/projects/proj4/out/bin/a.out.app
2016-11-27 22:10:08  Stopped /home/ics45c/projects/proj4/out/bin/a.out.app
2016-11-27 22:11:39  Started /home/ics45c/projects/proj4/out/bin/a.out.app
2016-11-27 22:13:41  Stopped /home/ics45c/projects/proj4/out/bin/a.out.app
2016-11-27 22:13:46  Started /home/ics45c/projects/proj4/out/bin/a.out.app
2016-11-27 22:14:27  Stopped /home/ics45c/projects/proj4/out/bin/a.out.app
2016-11-27 22:14:32  Started /home/ics45c/projects/proj4/out/bin/a.out.app
2016-11-27 22:15:05  Stopped /home/ics45c/projects/proj4/out/bin/a.out.app
2016-11-27 22:16:24  Started /home/ics45c/projects/proj4/out/bin/a.out.app
2016-11-27 22:16:47  Stopped /home/ics45c/projects/proj4/out/bin/a.out.app
2016-11-27 22:16:59  Started /home/ics45c/projects/proj4/out/bin/a.out.app
2016-11-27 22:17:55  Started /home/ics45c/projects/proj4/out/bin/a.out.app
2016-11-27 22:18:16  Started /home/ics45c/projects/proj4/out/bin/a.out.app
2016-11-27 22:22:47  Started /home/ics45c/projects/proj4/out/bin/a.out.app
2016-11-27 22:22:54  Started /home/ics45c/projects/proj4/out/bin/a.out.app
2016-11-27 22:27:54  Started /home/ics45c/projects/proj4/out/bin/a.out.app
2016-11-27 22:28:36  Stopped /home/ics45c/projects/proj4/out/bin/a.out.app
2016-11-27 22:28:41  Started /home/ics45c/projects/proj4/out/bin/a.out.app
2016-11-27 22:30:29  Started /home/ics45c/projects/proj4/out/bin/a.out.app
2016-11-27 22:36:59  Started /home/ics45c/projects/proj4/out/bin/a.out.app
2016-11-27 22:37:13  Started /home/ics45c/projects/proj4/out/bin/a.out.app
2016-11-27 22:42:04  Started /home/ics45c/projects/proj4/out/bin/a.out.app
2016-11-27 22:46:16  Stopped /home/ics45c/projects/proj4/out/bin/a.out.app
2016-11-27 22:46:23  Started /home/ics45c/projects/proj4/out/bin/a.out.app
2016-11-27 22:47:36  Stopped /home/ics45c/projects/proj4/out/bin/a.out.app
2016-11-27 22:47:41  Started /home/ics45c/projects/proj4/out/bin/a.out.app
2016-11-27 22:48:45  Stopped /home/ics45c/projects/proj4/out/bin/a.out.app
2016-11-27 22:48:50  Started /home/ics45c/projects/proj4/out/bin/a.out.app
2016-11-27 22:51:43  Stopped /home/ics45c/projects/proj4/out/bin/a.out.app
2016-11-28 00:37:22  Started /home/ics45c/projects/proj4/out/bin/a.out.app
2016-11-28 00:38:32  Stopped /home/ics45c/projects/proj4/out/bin/a.out.app
2016-11-28 00:38:39  Started /home/ics45c/projects/proj4/out/bin/a.out.app
2016-11-28 00:39:16  Stopped /home/ics45c/projects/proj4/out/bin/a.out.app
2016-11-28 00:51:54  Started /home/ics45c/projects/proj4/out/bin/a.out.app
2016-11-28 00:53:04  Stopped /home/ics45c/projects/proj4/out/bin/a.out.app
2016-11-28 00:53:15  Started /home/ics45c/projects/proj4/out/bin/a.out.app
2016-11-28 00:53:32  Stopped /home/ics45c/projects/proj4/out/bin/a.out.app
2016-11-28 00:53:40  Started /home/ics45c/projects/proj4/out/bin/a.out.app
2016-11-28 00:55:19  Stopped /home/ics45c/projects/proj4/out/bin/a.out.app
2016-11-28 15:13:47  Started /home/ics45c/projects/proj4/out/bin/a.out.app
2016-11-28 15:14:21  Stopped /home/ics45c/projects/proj4/out/bin/a.out.app
2016-11-28 15:14:28  Started /home/ics45c/projects/proj4/out/bin/a.out.app
2016-11-28 15:15:54  Stopped /home/ics45c/projects/proj4/out/bin/a.out.app
2016-11-28 22:12:12  Started /home/ics45c/projects/proj4/out/bin/a.out.app
2016-11-28 22:13:01  Stopped /home/ics45c/projects/proj4/out/bin/a.out.app
2016-11-28 22:13:10  Started /home/ics45c/projects/proj4/out/bin/a.out.app
2016-11-28 22:13:54  Stopped /home/ics45c/projects/proj4/out/bin/a.out.app
2016-11-28 22:38:53  Started /home/ics45c/projects/proj4/out/bin/a.out.app
2016-11-28 22:50:34  Stopped /home/ics45c/projects/proj4/out/bin/a.out.app
2016-11-28 22:52:03  Started /home/ics45c/projects/proj4/out/bin/a.out.app
2016-11-28 23:02:04  Stopped /home/ics45c/projects/proj4/out/bin/a.out.app
2016-11-28 23:02:09  Started /home/ics45c/projects/proj4/out/bin/a.out.app
2016-11-28 23:02:15  Stopped /home/ics45c/projects/proj4/out/bin/a.out.app
2016-11-28 23:02:23  Started /home/ics45c/projects/proj4/out/bin/a.out.app
2016-11-28 23:02:50  Stopped /home/ics45c/projects/proj4/out/bin/a.out.app
2016-11-28 23:02:55  Started /home/ics45c/projects/proj4/out/bin/a.out.app
2016-11-28 23:04:13  Stopped /home/ics45c/projects/proj4/out/bin/a.out.app
2016-11-28 23:05:03  Started /home/ics45c/projects/proj4/out/bin/a.out.app
2016-11-28 23:05:58  Stopped /home/ics45c/projects/proj4/out/bin/a.out.app
2016-11-28 23:06:04  Started /home/ics45c/projects/proj4/out/bin/a.out.app
2016-11-28 23:07:46  Stopped /home/ics45c/projects/proj4/out/bin/a.out.app
2016-11-28 23:07:52  Started /home/ics45c/projects/proj4/out/bin/a.out.app
2016-11-28 23:07:57  Stopped /home/ics45c/projects/proj4/out/bin/a.out.app
2016-11-28 23:09:20  Started /home/ics45c/projects/proj4/out/bin/a.out.app
2016-11-28 23:09:29  Stopped /home/ics45c/projects/proj4/out/bin/a.out.app
2016-11-28 23:11:10  Started /home/ics45c/projects/proj4/out/bin/a.out.app
2016-11-28 23:30:44  Stopped /home/ics45c/projects/proj4/out/bin/a.out.app
2016-11-28 23:31:04  Started /home/ics45c/projects/proj4/out/bin/a.out.app
2016-11-28 23:36:58  Stopped /home/ics45c/projects/proj4/out/bin/a.out.app
2016-11-28 23:37:08  Started /home/ics45c/projects/proj4/out/bin/a.out.app
2016-11-28 23:38:23  Stopped /home/ics45c/projects/proj4/out/bin/a.out.app
2016-11-28 23:39:39  Started /home/ics45c/projects/proj4/out/bin/a.out.app
2016-11-28 23:50:36  Stopped /home/ics45c/projects/proj4/out/bin/a.out.app
2016-11-28 23:50:45  Started /home/ics45c/projects/proj4/out/bin/a.out.app
2016-11-28 23:51:25  Stopped /home/ics45c/projects/proj4/out/bin/a.out.app
2016-11-28 23:51:28  Started /home/ics45c/projects/proj4/out/bin/a.out.app
2016-11-28 23:54:00  Stopped /home/ics45c/projects/proj4/out/bin/a.out.app
2016-11-28 23:54:19  Started /home/ics45c/projects/proj4/out/bin/a.out.app
2016-11-28 23:55:01  Started /home/ics45c/projects/proj4/out/bin/a.out.app
2016-11-28 23:55:17  Started /home/ics45c/projects/proj4/out/bin/a.out.app
2016-11-28 23:55:40  Started /home/ics45c/projects/proj4/out/bin/a.out.app
2016-11-28 23:55:42  Stopped /home/ics45c/projects/proj4/out/bin/a.out.app
2016-11-28 23:56:05  Started /home/ics45c/projects/proj4/out/bin/a.out.app
2016-11-28 23:58:17  Stopped /home/ics45c/projects/proj4/out/bin/a.out.app
2016-11-28 23:58:30  Started /home/ics45c/projects/proj4/out/bin/a.out.app
2016-11-28 23:59:04  Stopped /home/ics45c/projects/proj4/out/bin/a.out.app
2016-11-28 23:59:09  Started /home/ics45c/projects/proj4/out/bin/a.out.app
2016-11-28 23:59:48  Stopped /home/ics45c/projects/proj4/out/bin/a.out.app
2016-11-28 23:59:54  Started /home/ics45c/projects/proj4/out/bin/a.out.app
2016-11-29 00:00:25  Stopped /home/ics45c/projects/proj4/out/bin/a.out.app
2016-11-29 00:00:33  Started /home/ics45c/projects/proj4/out/bin/a.out.app
2016-11-29 00:00:59  Stopped /home/ics45c/projects/proj4/out/bin/a.out.app
2016-11-29 00:01:04  Started /home/ics45c/projects/proj4/out/bin/a.out.app
2016-11-29 00:02:40  Stopped /home/ics45c/projects/proj4/out/bin/a.out.app
2016-11-29 00:02:45  Started /home/ics45c/projects/proj4/out/bin/a.out.app
2016-11-29 00:03:23  Stopped /home/ics45c/projects/proj4/out/bin/a.out.app
2016-11-29 00:03:29  Started /home/ics45c/projects/proj4/out/bin/a.out.app
2016-11-29 00:03:31  Stopped /home/ics45c/projects/proj4/out/bin/a.out.app
2016-11-29 00:03:32  Started /home/ics45c/projects/proj4/out/bin/a.out.app
2016-11-29 00:04:49  Stopped /home/ics45c/projects/proj4/out/bin/a.out.app
2016-11-29 00:09:59  Started /home/ics45c/projects/proj4/out/bin/a.out.app
2016-11-29 00:10:21  Stopped /home/ics45c/projects/proj4/out/bin/a.out.app
2016-11-29 00:10:26  Started /home/ics45c/projects/proj4/out/bin/a.out.app
2016-11-29 00:10:52  Stopped /home/ics45c/projects/proj4/out/bin/a.out.app
2016-11-29 00:10:57  Started /home/ics45c/projects/proj4/out/bin/a.out.app
2016-11-29 00:11:22  Stopped /home/ics45c/projects/proj4/out/bin/a.out.app
2016-11-29 00:11:36  Started /home/ics45c/projects/proj4/out/bin/a.out.app
2016-11-29 00:15:13  Stopped /home/ics45c/projects/proj4/out/bin/a.out.app
2016-11-29 00:15:15  Started /home/ics45c/projects/proj4/out/bin/a.out.app
2016-11-29 00:17:38  Stopped /home/ics45c/projects/proj4/out/bin/a.out.app
2016-11-29 17:03:51  Started /home/ics45c/projects/proj4/example/booedit
2016-11-29 17:08:31  Stopped /home/ics45c/projects/proj4/example/booedit
2016-11-29 17:08:56  Started /home/ics45c/projects/proj4/out/bin/a.out.app
2016-11-29 17:09:13  Stopped /home/ics45c/projects/proj4/out/bin/a.out.app
2016-11-29 17:14:14  Started /home/ics45c/projects/proj4/out/bin/a.out.app
2016-11-29 17:14:48  Stopped /home/ics45c/projects/proj4/out/bin/a.out.app
2016-11-29 17:15:11  Started /home/ics45c/projects/proj4/out/bin/a.out.app
2016-11-29 17:19:18  Started /home/ics45c/projects/proj4/out/bin/a.out.app
2016-11-29 17:20:41  Stopped /home/ics45c/projects/proj4/out/bin/a.out.app
2016-11-29 17:20:46  Started /home/ics45c/projects/proj4/out/bin/a.out.app
2016-11-29 17:21:15  Stopped /home/ics45c/projects/proj4/out/bin/a.out.app
2016-11-29 17:21:20  Started /home/ics45c/projects/proj4/out/bin/a.out.app
2016-11-29 17:23:18  Stopped /home/ics45c/projects/proj4/out/bin/a.out.app
2016-11-29 17:23:23  Started /home/ics45c/projects/proj4/out/bin/a.out.app
2016-11-29 17:24:25  Started /home/ics45c/projects/proj4/out/bin/a.out.app
2016-11-29 17:25:07  Started /home/ics45c/projects/proj4/out/bin/a.out.app
2016-11-29 17:27:27  Stopped /home/ics45c/projects/proj4/out/bin/a.out.app
2016-11-29 17:27:31  Started /home/ics45c/projects/proj4/out/bin/a.out.app
2016-11-29 17:27:52  Stopped /home/ics45c/projects/proj4/out/bin/a.out.app
2016-11-29 17:28:45  Started /home/ics45c/projects/proj4/out/bin/a.out.app
2016-11-29 17:28:55  Stopped /home/ics45c/projects/proj4/out/bin/a.out.app
2016-11-29 17:29:09  Started /home/ics45c/projects/proj4/out/bin/a.out.app
2016-11-29 17:29:32  Stopped /home/ics45c/projects/proj4/out/bin/a.out.app
2016-11-29 17:29:36  Started /home/ics45c/projects/proj4/out/bin/a.out.app
2016-11-29 17:30:40  Stopped /home/ics45c/projects/proj4/out/bin/a.out.app
2016-11-29 17:30:45  Started /home/ics45c/projects/proj4/out/bin/a.out.app
2016-11-29 17:34:04  Stopped /home/ics45c/projects/proj4/out/bin/a.out.app
2016-11-29 17:34:09  Started /home/ics45c/projects/proj4/out/bin/a.out.app
2016-11-29 17:34:56  Started /home/ics45c/projects/proj4/out/bin/a.out.app
2016-11-29 17:36:54  Started /home/ics45c/projects/proj4/out/bin/a.out.app
2016-11-29 17:37:58  Started /home/ics45c/projects/proj4/out/bin/a.out.app
2016-11-29 17:38:40  Started /home/ics45c/projects/proj4/out/bin/a.out.app
2016-11-29 17:40:11  Started /home/ics45c/projects/proj4/out/bin/a.out.app
2016-11-29 17:40:58  Started /home/ics45c/projects/proj4/out/bin/a.out.app
2016-11-29 17:42:09  Started /home/ics45c/projects/proj4/out/bin/a.out.app
2016-11-29 17:42:38  Started /home/ics45c/projects/proj4/out/bin/a.out.app
2016-11-29 17:42:57  Stopped /home/ics45c/projects/proj4/out/bin/a.out.app
2016-11-29 17:43:02  Started /home/ics45c/projects/proj4/out/bin/a.out.app
2016-11-29 17:43:52  Started /home/ics45c/projects/proj4/out/bin/a.out.app
2016-11-29 17:43:53  Stopped /home/ics45c/projects/proj4/out/bin/a.out.app
2016-11-29 17:43:58  Started /home/ics45c/projects/proj4/out/bin/a.out.app
2016-11-29 17:44:15  Stopped /home/ics45c/projects/proj4/out/bin/a.out.app
2016-11-29 17:44:20  Started /home/ics45c/projects/proj4/out/bin/a.out.app
2016-11-29 17:45:12  Started /home/ics45c/projects/proj4/out/bin/a.out.app
2016-11-29 17:45:28  Stopped /home/ics45c/projects/proj4/out/bin/a.out.app
2016-11-29 17:45:34  Started /home/ics45c/projects/proj4/out/bin/a.out.app
2016-11-29 17:46:59  Started /home/ics45c/projects/proj4/out/bin/a.out.app
2016-11-29 17:47:37  Started /home/ics45c/projects/proj4/out/bin/a.out.app
2016-11-29 17:48:47  Started /home/ics45c/projects/proj4/out/bin/a.out.app
2016-11-29 17:49:55  Stopped /home/ics45c/projects/proj4/out/bin/a.out.app
2016-11-29 17:49:59  Started /home/ics45c/projects/proj4/out/bin/a.out.app
2016-11-29 17:51:29  Started /home/ics45c/projects/proj4/out/bin/a.out.app
2016-11-29 17:51:38  Started /home/ics45c/projects/proj4/out/bin/a.out.app
2016-11-29 17:53:46  Started /home/ics45c/projects/proj4/out/bin/a.out.app
2016-11-29 17:54:17  Started /home/ics45c/projects/proj4/out/bin/a.out.app
2016-11-29 17:54:28  Stopped /home/ics45c/projects/proj4/out/bin/a.out.app
2016-11-29 17:54:55  Started /home/ics45c/projects/proj4/out/bin/a.out.app
2016-11-29 17:55:55  Stopped /home/ics45c/projects/proj4/out/bin/a.out.app
2016-11-29 17:55:59  Started /home/ics45c/projects/proj4/out/bin/a.out.app
2016-11-29 17:56:38  Stopped /home/ics45c/projects/proj4/out/bin/a.out.app
2016-11-29 17:56:42  Started /home/ics45c/projects/proj4/out/bin/a.out.app
2016-11-29 17:56:59  Stopped /home/ics45c/projects/proj4/out/bin/a.out.app
2016-11-29 17:57:04  Started /home/ics45c/projects/proj4/out/bin/a.out.app
2016-11-29 17:59:41  Stopped /home/ics45c/projects/proj4/out/bin/a.out.app
2016-11-29 17:59:47  Started /home/ics45c/projects/proj4/out/bin/a.out.app
2016-11-29 18:01:52  Stopped /home/ics45c/projects/proj4/out/bin/a.out.app
2016-11-29 18:01:56  Started /home/ics45c/projects/proj4/out/bin/a.out.app
2016-11-29 18:02:36  Stopped /home/ics45c/projects/proj4/out/bin/a.out.app
2016-11-29 18:02:41  Started /home/ics45c/projects/proj4/out/bin/a.out.app
2016-11-29 18:03:48  Stopped /home/ics45c/projects/proj4/out/bin/a.out.app
2016-11-29 18:07:09  Started /home/ics45c/projects/proj4/out/bin/a.out.app
2016-11-29 18:07:52  Stopped /home/ics45c/projects/proj4/out/bin/a.out.app
2016-11-29 18:07:56  Started /home/ics45c/projects/proj4/out/bin/a.out.app
2016-11-29 18:08:59  Stopped /home/ics45c/projects/proj4/out/bin/a.out.app
2016-11-29 18:09:52  Started /home/ics45c/projects/proj4/out/bin/a.out.app
2016-11-29 18:12:09  Stopped /home/ics45c/projects/proj4/out/bin/a.out.app
2016-11-29 18:12:12  Started /home/ics45c/projects/proj4/out/bin/a.out.app
2016-11-29 18:13:26  Started /home/ics45c/projects/proj4/out/bin/a.out.app
2016-11-29 18:14:08  Started /home/ics45c/projects/proj4/out/bin/a.out.app
2016-11-29 18:14:33  Stopped /home/ics45c/projects/proj4/out/bin/a.out.app
2016-11-29 18:14:34  Started /home/ics45c/projects/proj4/out/bin/a.out.app
2016-11-29 18:15:02  Stopped /home/ics45c/projects/proj4/out/bin/a.out.app
2016-11-29 18:15:07  Started /home/ics45c/projects/proj4/out/bin/a.out.app
2016-11-29 18:15:56  Started /home/ics45c/projects/proj4/out/bin/a.out.app
2016-11-29 18:16:30  Stopped /home/ics45c/projects/proj4/out/bin/a.out.app
2016-11-29 18:16:31  Started /home/ics45c/projects/proj4/out/bin/a.out.app
2016-11-29 18:17:43  Stopped /home/ics45c/projects/proj4/out/bin/a.out.app
2016-11-29 18:17:49  Started /home/ics45c/projects/proj4/out/bin/a.out.app
2016-11-29 18:19:57  Stopped /home/ics45c/projects/proj4/out/bin/a.out.app
2016-11-29 18:20:57  Started /home/ics45c/projects/proj4/out/bin/a.out.app
2016-12-02 13:05:53  Started /home/ics45c/projects/proj4/out/bin/a.out.app
2016-12-02 13:06:44  Stopped /home/ics45c/projects/proj4/out/bin/a.out.app
2016-12-02 13:06:50  Started /home/ics45c/projects/proj4/out/bin/a.out.app
2016-12-02 13:07:23  Stopped /home/ics45c/projects/proj4/out/bin/a.out.app
